2024-10-30 13:44:55 - root - INFO - Starting crawler: 2024-10-30 13:44:55
2024-10-30 13:44:55 - root - INFO - Initializing Build List and building Base List of URLS
2024-10-30 13:44:55 - root - INFO - Start building dictionary for crawling
2024-10-30 13:44:55 - root - INFO - Scraping URL: https://www.azcourts.gov
2024-10-30 13:44:56 - root - INFO - Done Scraping URL: https://www.azcourts.gov
2024-10-30 13:44:56 - root - INFO - End building dictionary for crawling
2024-10-30 13:44:56 - root - INFO - Start crawling through dictionary
2024-10-30 13:44:56 - root - INFO - Crawling on https://twitter.com/AZCourts
2024-10-30 13:44:56 - root - INFO - Crawling on https://www.facebook.com/ArizonaSupremeCourt
2024-10-30 13:44:56 - root - INFO - Crawling on https://www.azcourts.gov/
2024-10-30 13:44:56 - root - INFO - Crawling on https://www.azcourts.gov/AZ-Courts
2024-10-30 13:44:56 - root - INFO - Crawling on https://www.azcourts.gov/AZ-Courts/AZ-Courts-Locator
2024-10-30 13:44:56 - root - INFO - Crawling on https://www.azcourts.gov/appellatecourtcases
2024-10-30 13:44:56 - root - INFO - Crawling on https://www.azcourts.gov/AZ-Courts/Court-of-Appeals
2024-10-30 13:44:56 - root - INFO - Crawling on https://www.azcourts.gov/coa1
2024-10-30 13:44:56 - root - INFO - Crawling on https://www.azcourts.gov/AZ-Courts/Superior-Court
2024-10-30 13:44:56 - root - INFO - Crawling on https://www.azcourts.gov/pjs
2024-10-30 13:44:56 - root - INFO - Crawling on https://www.azcourts.gov/AZ-Courts/Justice-Courts
2024-10-30 13:44:56 - root - INFO - Crawling on https://www.azcourts.gov/AZ-Courts/City-Courts
2024-10-30 13:44:56 - root - INFO - Crawling on https://www.azcourts.gov/ourcourtsaz
2024-10-30 13:44:56 - root - INFO - Crawling on https://www.azcourts.gov/guidetoazcourts
2024-10-30 13:44:56 - root - INFO - Crawling on https://www.azcourts.gov/committeescommissions
2024-10-30 13:44:56 - root - INFO - Crawling on https://www.azcourts.gov/committeescommissions/MeetingNotices.aspx
2024-10-30 13:44:56 - root - INFO - Crawling on https://www.azcourts.gov/juryduty
2024-10-30 13:44:56 - root - INFO - Crawling on https://www.azcourts.gov/AZ-Courts/Strategic-Agenda
2024-10-30 13:44:56 - root - INFO - Crawling on https://www.azcourts.gov/efilinginformation/
2024-10-30 13:44:56 - root - INFO - Crawling on https://www.azcourts.gov/eaccess/
2024-10-30 13:44:56 - root - INFO - Crawling on https://www.azcourts.gov/digitalevidence/
2024-10-30 13:44:56 - root - INFO - Crawling on https://www.azcourts.gov/jpr
2024-10-30 13:44:56 - root - INFO - Crawling on https://www.azcourts.gov/Portals/0/SupremeCourtLAP.pdf
2024-10-30 13:44:56 - root - INFO - Crawling on https://www.azcourts.gov/AZ-Courts/Access-to-Justice-AZ
2024-10-30 13:44:56 - root - INFO - Crawling on https://www.azcourts.gov/AZ-Supreme-Court
2024-10-30 13:44:56 - root - INFO - Crawling on https://www.azcourts.gov/clerkofcourt
2024-10-30 13:44:56 - root - INFO - Crawling on https://www.azcourts.gov/Rules
2024-10-30 13:44:56 - root - INFO - Crawling on https://www.azcourts.gov/rules/PendingRulesList.aspx
2024-10-30 13:44:56 - root - INFO - Crawling on https://www.azcourts.gov/Rules-Forum
2024-10-30 13:44:56 - root - INFO - Crawling on https://www.azcourts.gov/orders
2024-10-30 13:44:56 - root - INFO - Crawling on https://www.azcourts.gov/orders/Administrative-Orders-Index
2024-10-30 13:44:56 - root - INFO - Crawling on https://www.azcourts.gov/orders/ProTempore-Orders
2024-10-30 13:44:56 - root - INFO - Crawling on https://www.azcourts.gov/orders/Administrative-Directives
2024-10-30 13:44:56 - root - INFO - Crawling on https://www.azcourts.gov/AZ-Supreme-Court/Code-of-Judicial-Administration
2024-10-30 13:44:56 - root - INFO - Crawling on https://www.azcourts.gov/AZ-Supreme-Court/Live-Archived-Video
2024-10-30 13:44:56 - root - INFO - Crawling on https://www.azcourts.gov/opinions
2024-10-30 13:44:56 - root - INFO - Crawling on https://www.azcourts.gov/clerkofcourt/AgendasandCasesbeforetheCourt.aspx
2024-10-30 13:44:56 - root - INFO - Crawling on https://www.azcourts.gov/casesummaries
2024-10-30 13:44:56 - root - INFO - Crawling on https://www.azcourts.gov/clerkofcourt/OralArgumentCalendar.aspx
2024-10-30 13:44:56 - root - INFO - Crawling on https://www.azcourts.gov/AZ-Supreme-Court/Law-Clerkships
2024-10-30 13:44:56 - root - INFO - Crawling on https://www.azcourts.gov/Court-Admin-AOC
2024-10-30 13:44:56 - root - INFO - Crawling on https://www.azcourts.gov/Court-Admin-AOC/Executive-Office
2024-10-30 13:44:56 - root - INFO - Crawling on https://www.azcourts.gov/adminservices
2024-10-30 13:44:56 - root - INFO - Crawling on https://www.azcourts.gov/apsd
2024-10-30 13:44:56 - root - INFO - Crawling on https://www.azcourts.gov/cld
2024-10-30 13:44:56 - root - INFO - Crawling on https://www.azcourts.gov/courtservices
2024-10-30 13:44:56 - root - INFO - Crawling on https://www.azcourts.gov/dcsd
2024-10-30 13:44:56 - root - INFO - Crawling on https://www.azcourts.gov/educationservices
2024-10-30 13:44:56 - root - INFO - Crawling on https://www.azcourts.gov/Court-Admin-AOC/Information-Technology
2024-10-30 13:44:56 - root - INFO - Crawling on https://www.azcourts.gov/jjsd
2024-10-30 13:44:56 - root - INFO - Crawling on https://www.azcourts.gov/adminservices/EmergencyPreparedness.aspx
2024-10-30 13:44:56 - root - INFO - Crawling on https://www.azcourts.gov/adminservices/Procurement
2024-10-30 13:44:56 - root - INFO - Crawling on https://www.azcourts.gov/PerformanceMeasures/
2024-10-30 13:44:56 - root - INFO - Crawling on https://www.azcourts.gov/committeescommissions/
2024-10-30 13:44:56 - root - INFO - Crawling on https://www.azcourts.gov/committeescommissions/Meeting-Notices
2024-10-30 13:44:56 - root - INFO - Crawling on https://www.azcourts.gov/awards
2024-10-30 13:44:56 - root - INFO - Crawling on https://www.azcourts.gov/selfservicecenter
2024-10-30 13:44:56 - root - INFO - Crawling on https://apps.azcourts.gov/publicaccess/
2024-10-30 13:44:56 - root - INFO - Crawling on https://www.azcourts.gov/courtfilingfees/Fee-Waivers-and-Deferrals
2024-10-30 13:44:56 - root - INFO - Crawling on https://www.azcourts.gov/CASA
2024-10-30 13:44:56 - root - INFO - Crawling on https://www.azcourts.gov/selfservicecenter/civil
2024-10-30 13:44:56 - root - INFO - Crawling on https://azcourts.gov/selfservicecenter/Criminal-Law
2024-10-30 13:44:56 - root - INFO - Crawling on https://www.azcourts.gov/selfservicecenter/Criminal-Law/Criminal-Law-Authorities
2024-10-30 13:44:56 - root - INFO - Crawling on https://www.azcourts.gov/domesticviolencelaw
2024-10-30 13:44:56 - root - INFO - Crawling on https://www.azcourts.gov/familylaw
2024-10-30 13:44:56 - root - INFO - Crawling on https://www.azcourts.gov/familylaw/Child-Support-Family-Law-Information/About-the-Child-Support-Calculator
2024-10-30 13:44:56 - root - INFO - Crawling on https://www.azcourts.gov/fcrb
2024-10-30 13:44:56 - root - INFO - Crawling on https://www.azcourts.gov/selfservicecenter/Juvenile-Law
2024-10-30 13:44:56 - root - INFO - Crawling on https://www.azcourts.gov/selfservicecenter/Restore-Firearm-Rights
2024-10-30 13:44:56 - root - INFO - Crawling on https://www.azcourts.gov/interpreter/Resources-for-Interpreters
2024-10-30 13:44:56 - root - INFO - Crawling on https://www.azcourts.gov/selfservicecenter/Traffic-Law
2024-10-30 13:44:56 - root - INFO - Crawling on https://www.azcourts.gov/drive/Defensive-Driving-Schools
2024-10-30 13:44:56 - root - INFO - Crawling on https://www.azcourts.gov/selfservicecenter/Self-Service-Center/Crime-Victims
2024-10-30 13:44:56 - root - INFO - Crawling on https://azcourts.force.com/cldlicensing/s/file-complaint
2024-10-30 13:44:56 - root - INFO - Crawling on https://www.azcourts.gov/cld/Alternative-Business-Structure
2024-10-30 13:44:56 - root - INFO - Crawling on https://www.azcourts.gov/cld/Attorney-Admissions
2024-10-30 13:44:56 - root - INFO - Crawling on https://www.azcourts.gov/attorneydiscipline
2024-10-30 13:44:56 - root - INFO - Crawling on https://www.azcourts.gov/arc
2024-10-30 13:44:56 - root - INFO - Crawling on https://www.azcourts.gov/cld/Certified-Reporters-Program
2024-10-30 13:44:56 - root - INFO - Crawling on https://www.azcourts.gov/cld/Confidential-Intermediary-Program
2024-10-30 13:44:56 - root - INFO - Crawling on https://www.azcourts.gov/drive
2024-10-30 13:44:56 - root - INFO - Crawling on https://www.azcourts.gov/cld/Ethics-Advisory-Committee
2024-10-30 13:44:56 - root - INFO - Crawling on https://www.azcourts.gov/cld/Fiduciary-Licensing-Program
2024-10-30 13:44:56 - root - INFO - Crawling on https://www.azcourts.gov/azcjc
2024-10-30 13:44:56 - root - INFO - Crawling on https://www.azcourts.gov/cld/Legal-Document-Preparer-Program
2024-10-30 13:44:56 - root - INFO - Crawling on https://www.azcourts.gov/cld/Legal-Service-Innovations
2024-10-30 13:44:56 - root - INFO - Crawling on https://www.azcourts.gov/cld/Legal-Paraprofessional
2024-10-30 13:44:56 - root - INFO - Crawling on https://www.azcourts.gov/cld/Legal-Advocates
2024-10-30 13:44:56 - root - INFO - Crawling on https://www.azcourts.gov/pdj
2024-10-30 13:44:56 - root - INFO - Crawling on https://www.azcourts.gov/cld/Private-Process-Server
2024-10-30 13:44:56 - root - INFO - Crawling on https://www.azcourts.gov/Publications-Reports
2024-10-30 13:44:56 - root - INFO - Crawling on https://www.azcourts.gov/newsandinfo/Press-Releases-News
2024-10-30 13:44:56 - root - INFO - Crawling on https://www.azcourts.gov/newsandinfo/Media-Inquiries
2024-10-30 13:44:56 - root - INFO - Crawling on https://www.azcourts.gov/annualreport
2024-10-30 13:44:56 - root - INFO - Crawling on https://www.azcourts.gov/performancemeasures
2024-10-30 13:44:56 - root - INFO - Crawling on https://www.azcourts.gov/statistics
2024-10-30 13:44:56 - root - INFO - Crawling on https://www.azcourts.gov/legislativeupdate
2024-10-30 13:44:56 - root - INFO - Crawling on https://www.azcourts.gov/cld/Arizona-Lawyer-Apprentice-Program
2024-10-30 13:44:56 - root - INFO - Crawling on https://www.azcourts.gov/awards/Distinguished-Service-Awards/Award-Recipients
2024-10-30 13:44:56 - root - INFO - Crawling on https://www.azcourts.gov/efilinginformation/eFiling-Availability/LJ
2024-10-30 13:44:56 - root - INFO - Crawling on https://www.azcourts.gov/cscommittees/Arizona-Commission-on-Access-to-Justice/ACAJ-Resources
2024-10-30 13:44:56 - root - INFO - Crawling on https://www.azcourts.gov/Portals/201/News%20Release%20-%20Court%20Adopts%20Spousal%20Maintenance%20Guidelines-Updated.pdf
2024-10-30 13:44:56 - root - INFO - Crawling on https://lp.constantcontactpages.com/su/T1DZVJh
2024-10-30 13:44:56 - root - INFO - Crawling on https://www.azcourts.gov/Portals/0/Recommended%20Remote%20and%20In-Person%20Hearings%20in%20Arizona%20State%20Courts%20in%20the%20Post-Pandemic%20World%20(2222022%20FINAL).pdf
2024-10-30 13:44:56 - root - INFO - Crawling on https://www.azcourts.gov/newsandinfo/High-Profile-Case-Update
2024-10-30 13:44:56 - root - INFO - Crawling on https://www.azcourts.gov/statistics/Interactive-Data-Dashboards
2024-10-30 13:44:56 - root - INFO - Crawling on https://www.azcourts.gov/eaccess
2024-10-30 13:44:56 - root - INFO - Crawling on https://www.azcourts.gov/Portals/75/Maricopa_Vacancies/NewsRelease-Interviews-BrnovichHegyiTalamante.pdf
2024-10-30 13:44:56 - root - INFO - Crawling on https://www.azcourts.gov/aochumanresources
2024-10-30 13:44:56 - root - INFO - Crawling on https://www.azcourts.gov/Portals/0/ASCSpeakerRequestFillableAug2022.pdf
2024-10-30 13:44:56 - root - INFO - Crawling on https://apps.azcourts.gov/publicaccess
2024-10-30 13:44:56 - root - INFO - Crawling on https://www.superiorcourt.maricopa.gov/app/selfsuffcalc/
2024-10-30 13:44:56 - root - INFO - Crawling on https://www.linkedin.com/company/arizona-supreme-court
2024-10-30 13:44:56 - root - INFO - Crawling on https://www.youtube.com/@azcourts
2024-10-30 13:44:56 - root - INFO - Crawling on https://vimeo.com/user39445877
2024-10-30 13:44:56 - root - INFO - Crawling on https://www.azcourts.gov/sitemap.aspx
2024-10-30 13:44:56 - root - INFO - Crawling on https://www.azcourts.gov/aochumanresources/CareerOpportunities.aspx
2024-10-30 13:44:56 - root - INFO - Crawling on https://www.azcourts.gov/judicialjobs
2024-10-30 13:44:56 - root - INFO - Crawling on https://www.azcourts.gov/volunteer
2024-10-30 13:44:56 - root - INFO - Crawling on https://www.azcourts.gov/fcrb/Volunteer.aspx
2024-10-30 13:44:56 - root - INFO - Crawling on https://www.azcourts.gov/apsd/AmeriCorps
2024-10-30 13:44:56 - root - INFO - Crawling on https://www.azcourts.gov/azcjc/ArizonaCommissiononJudicialConduct.aspx
2024-10-30 13:44:56 - root - INFO - Crawling on https://www.azcourts.gov/selfservicecenter/Topics
2024-10-30 13:44:56 - root - INFO - Crawling on https://www.azcourts.gov/HelpfulLinks/educatorlinks.aspx
2024-10-30 13:44:56 - root - INFO - Crawling on https://www.azcourts.gov/HelpfulLinks/Legalassociations.aspx
2024-10-30 13:44:56 - root - INFO - Crawling on https://www.azleg.gov/arstitle/
2024-10-30 13:44:56 - root - INFO - Crawling on https://apps.azcourts.gov/registry
2024-10-30 13:44:56 - root - INFO - Crawling on https://www.azcourts.gov/corp
2024-10-30 13:44:56 - root - INFO - Crawling on https://www.azcourts.gov/elcentrodeautoservicio
2024-10-30 13:44:56 - root - INFO - Crawling on https://www.azcourts.gov/contactus.aspx
2024-10-30 13:44:56 - root - INFO - Crawling on https://www.azcourts.gov/ContactUs/Feedback.aspx
2024-10-30 13:44:56 - root - INFO - Crawling on https://www.azcourts.gov/PrivacyNotice.aspx
2024-10-30 13:44:56 - root - INFO - Crawling on https://azcourts.gov/Login
2024-10-30 13:44:56 - root - INFO - End crawling through dictionary
2024-10-30 13:44:56 - root - INFO - Elapsed time: 0.56 seconds
